TN:
SF:server/sum.js
FN:4,sum
FNF:1
FNH:1
FNDA:1,sum
DA:1,1
DA:2,1
DA:3,1
DA:4,1
DA:5,1
DA:6,1
LF:6
LH:6
BRDA:4,0,0,1
BRF:1
BRH:1
end_of_record
TN:
SF:server/source/PasswordHasher.js
FN:3,PasswordHasher
FN:6,salt
FN:9,hash
FN:18,verify
FN:24,t
FNF:5
FNH:2
FNDA:1,PasswordHasher
FNDA:0,salt
FNDA:0,hash
FNDA:0,verify
FNDA:1,t
DA:1,1
DA:2,1
DA:3,1
DA:4,1
DA:5,1
DA:6,1
DA:7,0
DA:8,0
DA:9,1
DA:10,0
DA:11,0
DA:12,0
DA:13,0
DA:14,0
DA:15,0
DA:16,0
DA:17,0
DA:18,1
DA:19,0
DA:20,0
DA:21,0
DA:22,0
DA:23,0
DA:24,1
DA:25,1
DA:26,1
DA:27,1
LF:27
LH:12
BRDA:3,0,0,1
BRDA:24,1,0,1
BRF:2
BRH:2
end_of_record
